23:14:58 **** Incremental Build of configuration Debug for project GPIO_Exercise ****
make all 
Building file: ../GPIO_Exercise.c
Invoking: AVR Compiler
avr-gcc -Wall -g2 -gstabs -O0 -fpack-struct -fshort-enums -ffunction-sections -fdata-sections -std=gnu99 -funsigned-char -funsigned-bitfields -mmcu=atmega16 -DF_CPU=1000000UL -MMD -MP -MF"GPIO_Exercise.d" -MT"GPIO_Exercise.o" -c -o "GPIO_Exercise.o" "../GPIO_Exercise.c"
In file included from ../GPIO_Exercise.c:11:
c:/winavr-20100110/lib/gcc/../../avr/include/util/delay.h:90:3: warning: #warning "Compiler optimizations disabled; functions from <util/delay.h> won't work as designed"
Finished building: ../GPIO_Exercise.c
 
Building file: ../gpio.c
Invoking: AVR Compiler
avr-gcc -Wall -g2 -gstabs -O0 -fpack-struct -fshort-enums -ffunction-sections -fdata-sections -std=gnu99 -funsigned-char -funsigned-bitfields -mmcu=atmega16 -DF_CPU=1000000UL -MMD -MP -MF"gpio.d" -MT"gpio.o" -c -o "gpio.o" "../gpio.c"
../gpio.c: In function 'GPIO_readPin':
../gpio.c:101: warning: control reaches end of non-void function
../gpio.c: In function 'GPIO_readPort':
../gpio.c:161: warning: control reaches end of non-void function
Finished building: ../gpio.c
 
Building target: GPIO_Exercise.elf
Invoking: AVR C Linker
avr-gcc -Wl,-Map,GPIO_Exercise.map -mmcu=atmega16 -o "GPIO_Exercise.elf"  ./GPIO_Exercise.o ./gpio.o   
Finished building target: GPIO_Exercise.elf
 
Invoking: AVR Create Extended Listing
avr-objdump -h -S GPIO_Exercise.elf  >"GPIO_Exercise.lss"
Finished building: GPIO_Exercise.lss
 
Invoking: Print Size
avr-size --format=avr --mcu=atmega16 GPIO_Exercise.elf
AVR Memory Usage
----------------
Device: atmega16

Program:    4744 bytes (29.0% Full)
(.text + .data + .bootloader)

Data:          8 bytes (0.8% Full)
(.data + .bss + .noinit)


Finished building: sizedummy
 

23:14:59 Build Finished. 0 errors, 3 warnings. (took 781ms)

